==========================================================================
report_checks -path_delay max (Setup)
============================================================================
======================= Typical Corner ===================================

Startpoint: a[3] (input port clocked by __VIRTUAL_CLK__)
Endpoint: y[31] (output port clocked by __VIRTUAL_CLK__)
Path Group: __VIRTUAL_CLK__
Path Type: max

Fanout     Cap    Slew   Delay    Time   Description
-----------------------------------------------------------------------------
                  0.00    0.00    0.00   clock __VIRTUAL_CLK__ (rise edge)
                          0.00    0.00   clock network delay (ideal)
                         10.00   10.00 v input external delay
                  0.01    0.01   10.01 v a[3] (in)
     2    0.00                           a[3] (net)
                  0.01    0.00   10.01 v _0848_/A (sky130_fd_sc_hd__or4_2)
                  0.16    0.78   10.78 v _0848_/X (sky130_fd_sc_hd__or4_2)
     5    0.02                           _0042_ (net)
                  0.16    0.00   10.78 v _0849_/D (sky130_fd_sc_hd__or4_2)
                  0.09    0.59   11.37 v _0849_/X (sky130_fd_sc_hd__or4_2)
     1    0.00                           _0043_ (net)
                  0.09    0.00   11.37 v _0850_/A (sky130_fd_sc_hd__buf_1)
                  0.11    0.19   11.56 v _0850_/X (sky130_fd_sc_hd__buf_1)
     5    0.02                           _0044_ (net)
                  0.11    0.00   11.56 v _0852_/C (sky130_fd_sc_hd__or4_2)
                  0.14    0.72   12.28 v _0852_/X (sky130_fd_sc_hd__or4_2)
     5    0.01                           _0046_ (net)
                  0.14    0.00   12.28 v _0853_/D (sky130_fd_sc_hd__or4_2)
                  0.15    0.67   12.95 v _0853_/X (sky130_fd_sc_hd__or4_2)
     5    0.02                           _0047_ (net)
                  0.15    0.00   12.95 v _0855_/C (sky130_fd_sc_hd__or4_2)
                  0.15    0.75   13.71 v _0855_/X (sky130_fd_sc_hd__or4_2)
     5    0.02                           _0049_ (net)
                  0.15    0.00   13.71 v _0856_/D (sky130_fd_sc_hd__or4_2)
                  0.16    0.69   14.39 v _0856_/X (sky130_fd_sc_hd__or4_2)
     4    0.02                           _0050_ (net)
                  0.16    0.00   14.39 v _0857_/C (sky130_fd_sc_hd__or3_2)
                  0.11    0.51   14.90 v _0857_/X (sky130_fd_sc_hd__or3_2)
     4    0.01                           _0051_ (net)
                  0.11    0.00   14.90 v _0858_/D (sky130_fd_sc_hd__or4_2)
                  0.09    0.57   15.47 v _0858_/X (sky130_fd_sc_hd__or4_2)
     1    0.00                           _0052_ (net)
                  0.09    0.00   15.47 v _0859_/A (sky130_fd_sc_hd__buf_1)
                  0.15    0.21   15.69 v _0859_/X (sky130_fd_sc_hd__buf_1)
     7    0.02                           _0053_ (net)
                  0.15    0.00   15.69 v _0861_/C (sky130_fd_sc_hd__or4_2)
                  0.13    0.71   16.40 v _0861_/X (sky130_fd_sc_hd__or4_2)
